<?xml version="1.0" encoding="UTF-8"?>
<testng-results total="3" passed="2" failed="1" skipped="0">
  <reporter-output>
  </reporter-output>
  <suite started-at="2022-10-11T16:01:12Z" name="Default suite" finished-at="2022-10-11T16:02:30Z" duration-ms="77516">
    <groups>
      <group name="Chrome">
        <method signature="searchTestNG.f()[pri:0, instance:com.demo.phaseendproj.searchTestNG@33308786]" name="f" class="com.demo.phaseendproj.searchTestNG"/>
      </group> <!-- Chrome -->
      <group name="Firefox">
        <method signature="searchTestNG.beforeTest2()[pri:0, instance:com.demo.phaseendproj.searchTestNG@33308786]" name="beforeTest2" class="com.demo.phaseendproj.searchTestNG"/>
        <method signature="searchTestNG.f2()[pri:0, instance:com.demo.phaseendproj.searchTestNG@33308786]" name="f2" class="com.demo.phaseendproj.searchTestNG"/>
      </group> <!-- Firefox -->
    </groups>
    <test started-at="2022-10-11T16:01:12Z" name="Default test" finished-at="2022-10-11T16:02:30Z" duration-ms="77516">
      <class name="com.demo.phaseendproj.searchTestNG">
        <test-method is-config="true" signature="beforeTest()[pri:0, instance:com.demo.phaseendproj.searchTestNG@33308786]" started-at="2022-10-11T21:31:12Z" name="beforeTest" finished-at="2022-10-11T21:31:16Z" duration-ms="4095" status="PASS">
          <reporter-output>
          </reporter-output>
        </test-method> <!-- beforeTest -->
        <test-method signature="f()[pri:0, instance:com.demo.phaseendproj.searchTestNG@33308786]" started-at="2022-10-11T21:31:16Z" name="f" finished-at="2022-10-11T21:32:11Z" duration-ms="54162" status="PASS">
          <reporter-output>
          </reporter-output>
        </test-method> <!-- f -->
        <test-method signature="beforeTest2()[pri:0, instance:com.demo.phaseendproj.searchTestNG@33308786]" started-at="2022-10-11T21:32:11Z" name="beforeTest2" finished-at="2022-10-11T21:32:15Z" depends-on-methods="com.demo.phaseendproj.searchTestNG.f" duration-ms="4743" status="PASS">
          <reporter-output>
          </reporter-output>
        </test-method> <!-- beforeTest2 -->
        <test-method signature="f2()[pri:0, instance:com.demo.phaseendproj.searchTestNG@33308786]" started-at="2022-10-11T21:32:15Z" name="f2" finished-at="2022-10-11T21:32:30Z" depends-on-methods="com.demo.phaseendproj.searchTestNG.beforeTest2" duration-ms="14457" status="FAIL">
          <exception class="org.openqa.selenium.NoSuchElementException">
            <message>
              <![CDATA[Unable to locate element: //*[@id="container"]/div/div[3]/div[1]/div[2]/div[5]/div/div/div/a/div[2]/div[1]/div[1]
For documentation on this error, please visit: http://seleniumhq.org/exceptions/no_such_element.html
Build info: version: 'unknown', revision: 'unknown', time: 'unknown'
System info: host: 'seeyos-MacBook-Pro.local', ip: 'fe80:0:0:0:14f4:dadc:b7db:2da8%en0', os.name: 'Mac OS X', os.arch: 'x86_64', os.version: '12.6', java.version: '17.0.3'
Driver info: org.openqa.selenium.firefox.FirefoxDriver
Capabilities [{moz:profile=/var/folders/72/w8x9g3t54hzd_s963ftxkd5h0000gn/T/rust_mozprofileIFi2Vr, moz:geckodriverVersion=0.31.0, timeouts={implicit=0, pageLoad=300000, script=30000}, pageLoadStrategy=normal, unhandledPromptBehavior=dismiss and notify, strictFileInteractability=false, moz:headless=false, platform=MAC, proxy=Proxy(), moz:accessibilityChecks=false, moz:useNonSpecCompliantPointerOrigin=false, acceptInsecureCerts=false, browserVersion=92.0.1, moz:shutdownTimeout=60000, platformVersion=21.6.0, moz:processID=7968, browserName=firefox, moz:buildID=20210922161155, javascriptEnabled=true, platformName=MAC, setWindowRect=true, moz:webdriverClick=true}]
Session ID: 36cf8c93-f64f-624f-8bca-c7800b0b003e
*** Element info: {Using=xpath, value=//*[@id="container"]/div/div[3]/div[1]/div[2]/div[5]/div/div/div/a/div[2]/div[1]/div[1]}]]>
            </message>
            <full-stacktrace>
              <![CDATA[org.openqa.selenium.NoSuchElementException: Unable to locate element: //*[@id="container"]/div/div[3]/div[1]/div[2]/div[5]/div/div/div/a/div[2]/div[1]/div[1]
For documentation on this error, please visit: http://seleniumhq.org/exceptions/no_such_element.html
Build info: version: 'unknown', revision: 'unknown', time: 'unknown'
System info: host: 'seeyos-MacBook-Pro.local', ip: 'fe80:0:0:0:14f4:dadc:b7db:2da8%en0', os.name: 'Mac OS X', os.arch: 'x86_64', os.version: '12.6', java.version: '17.0.3'
Driver info: org.openqa.selenium.firefox.FirefoxDriver
Capabilities [{moz:profile=/var/folders/72/w8x9g3t54hzd_s963ftxkd5h0000gn/T/rust_mozprofileIFi2Vr, moz:geckodriverVersion=0.31.0, timeouts={implicit=0, pageLoad=300000, script=30000}, pageLoadStrategy=normal, unhandledPromptBehavior=dismiss and notify, strictFileInteractability=false, moz:headless=false, platform=MAC, proxy=Proxy(), moz:accessibilityChecks=false, moz:useNonSpecCompliantPointerOrigin=false, acceptInsecureCerts=false, browserVersion=92.0.1, moz:shutdownTimeout=60000, platformVersion=21.6.0, moz:processID=7968, browserName=firefox, moz:buildID=20210922161155, javascriptEnabled=true, platformName=MAC, setWindowRect=true, moz:webdriverClick=true}]
Session ID: 36cf8c93-f64f-624f-8bca-c7800b0b003e
*** Element info: {Using=xpath, value=//*[@id="container"]/div/div[3]/div[1]/div[2]/div[5]/div/div/div/a/div[2]/div[1]/div[1]}
	at java.base/jdk.internal.reflect.NativeConstructorAccessorImpl.newInstance0(Native Method)
	at java.base/jdk.internal.reflect.NativeConstructorAccessorImpl.newInstance(NativeConstructorAccessorImpl.java:77)
	at java.base/jdk.internal.reflect.DelegatingConstructorAccessorImpl.newInstance(DelegatingConstructorAccessorImpl.java:45)
	at java.base/java.lang.reflect.Constructor.newInstanceWithCaller(Constructor.java:499)
	at java.base/java.lang.reflect.Constructor.newInstance(Constructor.java:480)
	at org.openqa.selenium.remote.http.W3CHttpResponseCodec.createException(W3CHttpResponseCodec.java:185)
	at org.openqa.selenium.remote.http.W3CHttpResponseCodec.decode(W3CHttpResponseCodec.java:120)
	at org.openqa.selenium.remote.http.W3CHttpResponseCodec.decode(W3CHttpResponseCodec.java:49)
	at org.openqa.selenium.remote.HttpCommandExecutor.execute(HttpCommandExecutor.java:164)
	at org.openqa.selenium.remote.service.DriverCommandExecutor.execute(DriverCommandExecutor.java:82)
	at org.openqa.selenium.remote.RemoteWebDriver.execute(RemoteWebDriver.java:646)
	at org.openqa.selenium.remote.RemoteWebDriver.findElement(RemoteWebDriver.java:416)
	at org.openqa.selenium.remote.RemoteWebDriver.findElementByXPath(RemoteWebDriver.java:518)
	at org.openqa.selenium.By$ByXPath.findElement(By.java:361)
	at org.openqa.selenium.remote.RemoteWebDriver.findElement(RemoteWebDriver.java:408)
	at com.demo.phaseendproj.searchTestNG.f2(searchTestNG.java:180)
	at java.base/jdk.internal.reflect.NativeMethodAccessorImpl.invoke0(Native Method)
	at java.base/jdk.internal.reflect.NativeMethodAccessorImpl.invoke(NativeMethodAccessorImpl.java:77)
	at java.base/jdk.internal.reflect.DelegatingMethodAccessorImpl.invoke(DelegatingMethodAccessorImpl.java:43)
	at java.base/java.lang.reflect.Method.invoke(Method.java:568)
	at org.testng.internal.MethodInvocationHelper.invokeMethod(MethodInvocationHelper.java:85)
	at org.testng.internal.Invoker.invokeMethod(Invoker.java:639)
	at org.testng.internal.Invoker.invokeTestMethod(Invoker.java:816)
	at org.testng.internal.Invoker.invokeTestMethods(Invoker.java:1124)
	at org.testng.internal.TestMethodWorker.invokeTestMethods(TestMethodWorker.java:125)
	at org.testng.internal.TestMethodWorker.run(TestMethodWorker.java:108)
	at org.testng.TestRunner.privateRun(TestRunner.java:774)
	at org.testng.TestRunner.run(TestRunner.java:624)
	at org.testng.SuiteRunner.runTest(SuiteRunner.java:359)
	at org.testng.SuiteRunner.runSequentially(SuiteRunner.java:354)
	at org.testng.SuiteRunner.privateRun(SuiteRunner.java:312)
	at org.testng.SuiteRunner.run(SuiteRunner.java:261)
	at org.testng.SuiteRunnerWorker.runSuite(SuiteRunnerWorker.java:52)
	at org.testng.SuiteRunnerWorker.run(SuiteRunnerWorker.java:86)
	at org.testng.TestNG.runSuitesSequentially(TestNG.java:1215)
	at org.testng.TestNG.runSuitesLocally(TestNG.java:1140)
	at org.testng.TestNG.run(TestNG.java:1048)
	at org.testng.remote.AbstractRemoteTestNG.run(AbstractRemoteTestNG.java:115)
	at org.testng.remote.RemoteTestNG.initAndRun(RemoteTestNG.java:251)
	at org.testng.remote.RemoteTestNG.main(RemoteTestNG.java:77)
]]>
            </full-stacktrace>
          </exception> <!-- org.openqa.selenium.NoSuchElementException -->
          <reporter-output>
          </reporter-output>
        </test-method> <!-- f2 -->
        <test-method is-config="true" signature="afterTest()[pri:0, instance:com.demo.phaseendproj.searchTestNG@33308786]" started-at="2022-10-11T21:32:30Z" name="afterTest" finished-at="2022-10-11T21:32:30Z" duration-ms="2" status="PASS">
          <reporter-output>
          </reporter-output>
        </test-method> <!-- afterTest -->
        <test-method is-config="true" signature="afterTest2()[pri:0, instance:com.demo.phaseendproj.searchTestNG@33308786]" started-at="2022-10-11T21:32:30Z" name="afterTest2" finished-at="2022-10-11T21:32:30Z" duration-ms="0" status="PASS">
          <reporter-output>
          </reporter-output>
        </test-method> <!-- afterTest2 -->
      </class> <!-- com.demo.phaseendproj.searchTestNG -->
    </test> <!-- Default test -->
  </suite> <!-- Default suite -->
</testng-results>
