<?xml version="1.0" encoding="UTF-8"?>
<testng-results total="1" passed="1" failed="0" skipped="0">
  <reporter-output>
  </reporter-output>
  <suite started-at="2022-10-02T15:14:01Z" name="Default suite" finished-at="2022-10-02T15:14:29Z" duration-ms="27814">
    <groups>
    </groups>
    <test started-at="2022-10-02T15:14:01Z" name="Default test" finished-at="2022-10-02T15:14:29Z" duration-ms="27814">
      <class name="com.demo.p5l2asst1.AutomateLogin">
        <test-method is-config="true" signature="beforeSuite()[pri:0, instance:com.demo.p5l2asst1.AutomateLogin@6ce86ce1]" started-at="2022-10-02T20:44:01Z" name="beforeSuite" finished-at="2022-10-02T20:44:01Z" duration-ms="20" status="PASS">
          <reporter-output>
          </reporter-output>
        </test-method> <!-- beforeSuite -->
        <test-method is-config="true" signature="beforeTest()[pri:0, instance:com.demo.p5l2asst1.AutomateLogin@6ce86ce1]" started-at="2022-10-02T20:44:01Z" name="beforeTest" finished-at="2022-10-02T20:44:04Z" duration-ms="2899" status="PASS">
          <reporter-output>
          </reporter-output>
        </test-method> <!-- beforeTest -->
        <test-method is-config="true" signature="beforeClass()[pri:0, instance:com.demo.p5l2asst1.AutomateLogin@6ce86ce1]" started-at="2022-10-02T20:44:04Z" name="beforeClass" finished-at="2022-10-02T20:44:04Z" duration-ms="3" status="PASS">
          <reporter-output>
          </reporter-output>
        </test-method> <!-- beforeClass -->
        <test-method is-config="true" signature="beforeMethod()[pri:0, instance:com.demo.p5l2asst1.AutomateLogin@6ce86ce1]" started-at="2022-10-02T20:44:04Z" name="beforeMethod" finished-at="2022-10-02T20:44:04Z" duration-ms="0" status="PASS">
          <reporter-output>
          </reporter-output>
        </test-method> <!-- beforeMethod -->
        <test-method signature="f()[pri:0, instance:com.demo.p5l2asst1.AutomateLogin@6ce86ce1]" started-at="2022-10-02T20:44:04Z" name="f" finished-at="2022-10-02T20:44:29Z" duration-ms="24887" status="PASS">
          <reporter-output>
          </reporter-output>
        </test-method> <!-- f -->
        <test-method is-config="true" signature="afterMethod()[pri:0, instance:com.demo.p5l2asst1.AutomateLogin@6ce86ce1]" started-at="2022-10-02T20:44:29Z" name="afterMethod" finished-at="2022-10-02T20:44:29Z" duration-ms="2" status="PASS">
          <reporter-output>
          </reporter-output>
        </test-method> <!-- afterMethod -->
        <test-method is-config="true" signature="afterClass()[pri:0, instance:com.demo.p5l2asst1.AutomateLogin@6ce86ce1]" started-at="2022-10-02T20:44:29Z" name="afterClass" finished-at="2022-10-02T20:44:29Z" duration-ms="0" status="PASS">
          <reporter-output>
          </reporter-output>
        </test-method> <!-- afterClass -->
        <test-method is-config="true" signature="afterTest()[pri:0, instance:com.demo.p5l2asst1.AutomateLogin@6ce86ce1]" started-at="2022-10-02T20:44:29Z" name="afterTest" finished-at="2022-10-02T20:44:29Z" duration-ms="0" status="PASS">
          <reporter-output>
          </reporter-output>
        </test-method> <!-- afterTest -->
        <test-method is-config="true" signature="afterSuite()[pri:0, instance:com.demo.p5l2asst1.AutomateLogin@6ce86ce1]" started-at="2022-10-02T20:44:29Z" name="afterSuite" finished-at="2022-10-02T20:44:29Z" duration-ms="0" status="PASS">
          <reporter-output>
          </reporter-output>
        </test-method> <!-- afterSuite -->
      </class> <!-- com.demo.p5l2asst1.AutomateLogin -->
    </test> <!-- Default test -->
  </suite> <!-- Default suite -->
</testng-results>
