<?xml version="1.0" encoding="UTF-8"?>
<testng-results total="1" passed="1" failed="0" skipped="0">
  <reporter-output>
  </reporter-output>
  <suite started-at="2022-10-05T05:39:52Z" name="Default suite" finished-at="2022-10-05T05:40:05Z" duration-ms="12686">
    <groups>
    </groups>
    <test started-at="2022-10-05T05:39:52Z" name="Default test" finished-at="2022-10-05T05:40:05Z" duration-ms="12686">
      <class name="com.demo.p5l2asst1.Assertion">
        <test-method is-config="true" signature="beforeMethod()[pri:0, instance:com.demo.p5l2asst1.Assertion@33308786]" started-at="2022-10-05T11:09:52Z" name="beforeMethod" finished-at="2022-10-05T11:09:58Z" duration-ms="5514" status="PASS">
          <reporter-output>
          </reporter-output>
        </test-method> <!-- beforeMethod -->
        <test-method signature="TitleTest()[pri:0, instance:com.demo.p5l2asst1.Assertion@33308786]" started-at="2022-10-05T11:09:58Z" name="TitleTest" finished-at="2022-10-05T11:10:05Z" duration-ms="7147" status="PASS">
          <reporter-output>
          </reporter-output>
        </test-method> <!-- TitleTest -->
        <test-method is-config="true" signature="afterMethod()[pri:0, instance:com.demo.p5l2asst1.Assertion@33308786]" started-at="2022-10-05T11:10:05Z" name="afterMethod" finished-at="2022-10-05T11:10:05Z" duration-ms="1" status="PASS">
          <reporter-output>
          </reporter-output>
        </test-method> <!-- afterMethod -->
      </class> <!-- com.demo.p5l2asst1.Assertion -->
    </test> <!-- Default test -->
  </suite> <!-- Default suite -->
</testng-results>
