<?xml version="1.0" encoding="UTF-8"?>
<testng-results total="2" passed="2" failed="0" skipped="0">
  <reporter-output>
  </reporter-output>
  <suite started-at="2022-10-02T14:14:43Z" name="Default suite" finished-at="2022-10-02T14:14:43Z" duration-ms="49">
    <groups>
    </groups>
    <test started-at="2022-10-02T14:14:43Z" name="Default test" finished-at="2022-10-02T14:14:43Z" duration-ms="49">
      <class name="com.demo.p5l2asst1.alltest">
        <test-method is-config="true" signature="beforeSuite()[pri:0, instance:com.demo.p5l2asst1.alltest@21fd5faa]" started-at="2022-10-02T19:44:43Z" name="beforeSuite" finished-at="2022-10-02T19:44:43Z" duration-ms="8" status="PASS">
          <reporter-output>
          </reporter-output>
        </test-method> <!-- beforeSuite -->
        <test-method is-config="true" signature="beforeTest()[pri:0, instance:com.demo.p5l2asst1.alltest@21fd5faa]" started-at="2022-10-02T19:44:43Z" name="beforeTest" finished-at="2022-10-02T19:44:43Z" duration-ms="1" status="PASS">
          <reporter-output>
          </reporter-output>
        </test-method> <!-- beforeTest -->
        <test-method is-config="true" signature="beforeClass()[pri:0, instance:com.demo.p5l2asst1.alltest@21fd5faa]" started-at="2022-10-02T19:44:43Z" name="beforeClass" finished-at="2022-10-02T19:44:43Z" duration-ms="1" status="PASS">
          <reporter-output>
          </reporter-output>
        </test-method> <!-- beforeClass -->
        <test-method is-config="true" signature="beforeMethod()[pri:0, instance:com.demo.p5l2asst1.alltest@21fd5faa]" started-at="2022-10-02T19:44:43Z" name="beforeMethod" finished-at="2022-10-02T19:44:43Z" duration-ms="1" status="PASS">
          <reporter-output>
          </reporter-output>
        </test-method> <!-- beforeMethod -->
        <test-method signature="Hello()[pri:0, instance:com.demo.p5l2asst1.alltest@21fd5faa]" started-at="2022-10-02T19:44:43Z" name="Hello" finished-at="2022-10-02T19:44:43Z" duration-ms="7" status="PASS">
          <reporter-output>
          </reporter-output>
        </test-method> <!-- Hello -->
        <test-method is-config="true" signature="afterMethod()[pri:0, instance:com.demo.p5l2asst1.alltest@21fd5faa]" started-at="2022-10-02T19:44:43Z" name="afterMethod" finished-at="2022-10-02T19:44:43Z" duration-ms="0" status="PASS">
          <reporter-output>
          </reporter-output>
        </test-method> <!-- afterMethod -->
        <test-method is-config="true" signature="beforeMethod()[pri:0, instance:com.demo.p5l2asst1.alltest@21fd5faa]" started-at="2022-10-02T19:44:43Z" name="beforeMethod" finished-at="2022-10-02T19:44:43Z" duration-ms="0" status="PASS">
          <reporter-output>
          </reporter-output>
        </test-method> <!-- beforeMethod -->
        <test-method signature="Hello1()[pri:0, instance:com.demo.p5l2asst1.alltest@21fd5faa]" started-at="2022-10-02T19:44:43Z" name="Hello1" finished-at="2022-10-02T19:44:43Z" duration-ms="2" status="PASS">
          <reporter-output>
          </reporter-output>
        </test-method> <!-- Hello1 -->
        <test-method is-config="true" signature="afterClass()[pri:0, instance:com.demo.p5l2asst1.alltest@21fd5faa]" started-at="2022-10-02T19:44:43Z" name="afterClass" finished-at="2022-10-02T19:44:43Z" duration-ms="1" status="PASS">
          <reporter-output>
          </reporter-output>
        </test-method> <!-- afterClass -->
        <test-method is-config="true" signature="afterMethod()[pri:0, instance:com.demo.p5l2asst1.alltest@21fd5faa]" started-at="2022-10-02T19:44:43Z" name="afterMethod" finished-at="2022-10-02T19:44:43Z" duration-ms="0" status="PASS">
          <reporter-output>
          </reporter-output>
        </test-method> <!-- afterMethod -->
        <test-method is-config="true" signature="afterTest()[pri:0, instance:com.demo.p5l2asst1.alltest@21fd5faa]" started-at="2022-10-02T19:44:43Z" name="afterTest" finished-at="2022-10-02T19:44:43Z" duration-ms="0" status="PASS">
          <reporter-output>
          </reporter-output>
        </test-method> <!-- afterTest -->
        <test-method is-config="true" signature="afterSuite()[pri:0, instance:com.demo.p5l2asst1.alltest@21fd5faa]" started-at="2022-10-02T19:44:43Z" name="afterSuite" finished-at="2022-10-02T19:44:43Z" duration-ms="2" status="PASS">
          <reporter-output>
          </reporter-output>
        </test-method> <!-- afterSuite -->
      </class> <!-- com.demo.p5l2asst1.alltest -->
    </test> <!-- Default test -->
  </suite> <!-- Default suite -->
</testng-results>
