<?xml version="1.0" encoding="UTF-8"?>
<testng-results total="5" passed="4" failed="1" skipped="0">
  <reporter-output>
  </reporter-output>
  <suite started-at="2022-10-02T14:49:02Z" name="Suite" finished-at="2022-10-02T14:49:37Z" duration-ms="35078">
    <groups>
      <group name="Chrome">
        <method signature="GroupTest.launchChrome()[pri:0, instance:com.demo.p5l2asst1.GroupTest@6bca7e0d]" name="launchChrome" class="com.demo.p5l2asst1.GroupTest"/>
        <method signature="GroupTest.loginWithChrome()[pri:0, instance:com.demo.p5l2asst1.GroupTest@6bca7e0d]" name="loginWithChrome" class="com.demo.p5l2asst1.GroupTest"/>
      </group> <!-- Chrome -->
      <group name="Firefox">
        <method signature="GroupTest.launchFireFox()[pri:0, instance:com.demo.p5l2asst1.GroupTest@6bca7e0d]" name="launchFireFox" class="com.demo.p5l2asst1.GroupTest"/>
        <method signature="GroupTest.loginWithFireFox()[pri:0, instance:com.demo.p5l2asst1.GroupTest@6bca7e0d]" name="loginWithFireFox" class="com.demo.p5l2asst1.GroupTest"/>
      </group> <!-- Firefox -->
    </groups>
    <test started-at="2022-10-02T14:49:02Z" name="Test" finished-at="2022-10-02T14:49:37Z" duration-ms="35078">
      <class name="com.demo.p5l2asst1.FacebookLogin">
        <test-method is-config="true" signature="beforeMethod()[pri:0, instance:com.demo.p5l2asst1.FacebookLogin@7f132176]" started-at="2022-10-02T20:19:02Z" name="beforeMethod" finished-at="2022-10-02T20:19:08Z" duration-ms="5248" status="PASS">
          <reporter-output>
          </reporter-output>
        </test-method> <!-- beforeMethod -->
        <test-method signature="facebook()[pri:0, instance:com.demo.p5l2asst1.FacebookLogin@7f132176]" started-at="2022-10-02T20:19:08Z" name="facebook" finished-at="2022-10-02T20:19:18Z" duration-ms="10483" status="PASS">
          <reporter-output>
          </reporter-output>
        </test-method> <!-- facebook -->
        <test-method is-config="true" signature="afterMethod()[pri:0, instance:com.demo.p5l2asst1.FacebookLogin@7f132176]" started-at="2022-10-02T20:19:18Z" name="afterMethod" finished-at="2022-10-02T20:19:18Z" duration-ms="1" status="PASS">
          <reporter-output>
          </reporter-output>
        </test-method> <!-- afterMethod -->
      </class> <!-- com.demo.p5l2asst1.FacebookLogin -->
      <class name="com.demo.p5l2asst1.GroupTest">
        <test-method signature="launchChrome()[pri:0, instance:com.demo.p5l2asst1.GroupTest@6bca7e0d]" started-at="2022-10-02T20:19:18Z" name="launchChrome" finished-at="2022-10-02T20:19:31Z" duration-ms="13070" status="PASS">
          <reporter-output>
          </reporter-output>
        </test-method> <!-- launchChrome -->
        <test-method signature="launchFireFox()[pri:0, instance:com.demo.p5l2asst1.GroupTest@6bca7e0d]" started-at="2022-10-02T20:19:31Z" name="launchFireFox" finished-at="2022-10-02T20:19:37Z" duration-ms="5432" status="PASS">
          <reporter-output>
          </reporter-output>
        </test-method> <!-- launchFireFox -->
        <test-method signature="loginWithChrome()[pri:0, instance:com.demo.p5l2asst1.GroupTest@6bca7e0d]" started-at="2022-10-02T20:19:37Z" name="loginWithChrome" finished-at="2022-10-02T20:19:37Z" depends-on-methods="com.demo.p5l2asst1.GroupTest.launchChrome" duration-ms="255" status="PASS">
          <reporter-output>
          </reporter-output>
        </test-method> <!-- loginWithChrome -->
        <test-method signature="loginWithFireFox()[pri:0, instance:com.demo.p5l2asst1.GroupTest@6bca7e0d]" started-at="2022-10-02T20:19:37Z" name="loginWithFireFox" finished-at="2022-10-02T20:19:37Z" depends-on-methods="com.demo.p5l2asst1.GroupTest.launchFireFox" duration-ms="460" status="FAIL">
          <exception class="org.openqa.selenium.ElementNotInteractableException">
            <message>
              <![CDATA[Element <input id="pass" class="inputtext _55r1 _6luy _9npi" name="pass" type="password"> is not reachable by keyboard
Build info: version: 'unknown', revision: 'unknown', time: 'unknown'
System info: host: 'seeyos-MacBook-Pro.local', ip: 'fe80:0:0:0:14f4:dadc:b7db:2da8%en0', os.name: 'Mac OS X', os.arch: 'x86_64', os.version: '12.6', java.version: '17.0.3'
Driver info: org.openqa.selenium.firefox.FirefoxDriver
Capabilities [{moz:profile=/var/folders/72/w8x9g3t54hzd_s963ftxkd5h0000gn/T/rust_mozprofiledFlTwo, moz:geckodriverVersion=0.31.0, timeouts={implicit=0, pageLoad=300000, script=30000}, pageLoadStrategy=normal, unhandledPromptBehavior=dismiss and notify, strictFileInteractability=false, moz:headless=false, platform=MAC, proxy=Proxy(), moz:accessibilityChecks=false, moz:useNonSpecCompliantPointerOrigin=false, acceptInsecureCerts=false, browserVersion=92.0.1, moz:shutdownTimeout=60000, platformVersion=21.6.0, moz:processID=3999, browserName=firefox, moz:buildID=20210922161155, javascriptEnabled=true, platformName=MAC, setWindowRect=true, moz:webdriverClick=true}]
Session ID: 4eafde5d-976d-5a45-a12e-2f4334f3f43a]]>
            </message>
            <full-stacktrace>
              <![CDATA[org.openqa.selenium.ElementNotInteractableException: Element <input id="pass" class="inputtext _55r1 _6luy _9npi" name="pass" type="password"> is not reachable by keyboard
Build info: version: 'unknown', revision: 'unknown', time: 'unknown'
System info: host: 'seeyos-MacBook-Pro.local', ip: 'fe80:0:0:0:14f4:dadc:b7db:2da8%en0', os.name: 'Mac OS X', os.arch: 'x86_64', os.version: '12.6', java.version: '17.0.3'
Driver info: org.openqa.selenium.firefox.FirefoxDriver
Capabilities [{moz:profile=/var/folders/72/w8x9g3t54hzd_s963ftxkd5h0000gn/T/rust_mozprofiledFlTwo, moz:geckodriverVersion=0.31.0, timeouts={implicit=0, pageLoad=300000, script=30000}, pageLoadStrategy=normal, unhandledPromptBehavior=dismiss and notify, strictFileInteractability=false, moz:headless=false, platform=MAC, proxy=Proxy(), moz:accessibilityChecks=false, moz:useNonSpecCompliantPointerOrigin=false, acceptInsecureCerts=false, browserVersion=92.0.1, moz:shutdownTimeout=60000, platformVersion=21.6.0, moz:processID=3999, browserName=firefox, moz:buildID=20210922161155, javascriptEnabled=true, platformName=MAC, setWindowRect=true, moz:webdriverClick=true}]
Session ID: 4eafde5d-976d-5a45-a12e-2f4334f3f43a
	at java.base/jdk.internal.reflect.NativeConstructorAccessorImpl.newInstance0(Native Method)
	at java.base/jdk.internal.reflect.NativeConstructorAccessorImpl.newInstance(NativeConstructorAccessorImpl.java:77)
	at java.base/jdk.internal.reflect.DelegatingConstructorAccessorImpl.newInstance(DelegatingConstructorAccessorImpl.java:45)
	at java.base/java.lang.reflect.Constructor.newInstanceWithCaller(Constructor.java:499)
	at java.base/java.lang.reflect.Constructor.newInstance(Constructor.java:480)
	at org.openqa.selenium.remote.http.W3CHttpResponseCodec.createException(W3CHttpResponseCodec.java:185)
	at org.openqa.selenium.remote.http.W3CHttpResponseCodec.decode(W3CHttpResponseCodec.java:120)
	at org.openqa.selenium.remote.http.W3CHttpResponseCodec.decode(W3CHttpResponseCodec.java:49)
	at org.openqa.selenium.remote.HttpCommandExecutor.execute(HttpCommandExecutor.java:164)
	at org.openqa.selenium.remote.service.DriverCommandExecutor.execute(DriverCommandExecutor.java:82)
	at org.openqa.selenium.remote.RemoteWebDriver.execute(RemoteWebDriver.java:646)
	at org.openqa.selenium.remote.RemoteWebElement.execute(RemoteWebElement.java:275)
	at org.openqa.selenium.remote.RemoteWebElement.sendKeys(RemoteWebElement.java:99)
	at com.demo.p5l2asst1.GroupTest.loginWithFireFox(GroupTest.java:52)
	at java.base/jdk.internal.reflect.NativeMethodAccessorImpl.invoke0(Native Method)
	at java.base/jdk.internal.reflect.NativeMethodAccessorImpl.invoke(NativeMethodAccessorImpl.java:77)
	at java.base/jdk.internal.reflect.DelegatingMethodAccessorImpl.invoke(DelegatingMethodAccessorImpl.java:43)
	at java.base/java.lang.reflect.Method.invoke(Method.java:568)
	at org.testng.internal.MethodInvocationHelper.invokeMethod(MethodInvocationHelper.java:85)
	at org.testng.internal.Invoker.invokeMethod(Invoker.java:639)
	at org.testng.internal.Invoker.invokeTestMethod(Invoker.java:816)
	at org.testng.internal.Invoker.invokeTestMethods(Invoker.java:1124)
	at org.testng.internal.TestMethodWorker.invokeTestMethods(TestMethodWorker.java:125)
	at org.testng.internal.TestMethodWorker.run(TestMethodWorker.java:108)
	at org.testng.TestRunner.privateRun(TestRunner.java:774)
	at org.testng.TestRunner.run(TestRunner.java:624)
	at org.testng.SuiteRunner.runTest(SuiteRunner.java:359)
	at org.testng.SuiteRunner.runSequentially(SuiteRunner.java:354)
	at org.testng.SuiteRunner.privateRun(SuiteRunner.java:312)
	at org.testng.SuiteRunner.run(SuiteRunner.java:261)
	at org.testng.SuiteRunnerWorker.runSuite(SuiteRunnerWorker.java:52)
	at org.testng.SuiteRunnerWorker.run(SuiteRunnerWorker.java:86)
	at org.testng.TestNG.runSuitesSequentially(TestNG.java:1215)
	at org.testng.TestNG.runSuitesLocally(TestNG.java:1140)
	at org.testng.TestNG.run(TestNG.java:1048)
	at org.testng.remote.AbstractRemoteTestNG.run(AbstractRemoteTestNG.java:115)
	at org.testng.remote.RemoteTestNG.initAndRun(RemoteTestNG.java:251)
	at org.testng.remote.RemoteTestNG.main(RemoteTestNG.java:77)
]]>
            </full-stacktrace>
          </exception> <!-- org.openqa.selenium.ElementNotInteractableException -->
          <reporter-output>
          </reporter-output>
        </test-method> <!-- loginWithFireFox -->
      </class> <!-- com.demo.p5l2asst1.GroupTest -->
    </test> <!-- Test -->
  </suite> <!-- Suite -->
</testng-results>
