<?xml version="1.0" encoding="UTF-8"?>
<testng-results total="1" passed="1" failed="0" skipped="0">
  <reporter-output>
  </reporter-output>
  <suite started-at="2022-10-02T14:40:38Z" name="Default suite" finished-at="2022-10-02T14:40:51Z" duration-ms="12585">
    <groups>
    </groups>
    <test started-at="2022-10-02T14:40:38Z" name="Default test" finished-at="2022-10-02T14:40:51Z" duration-ms="12585">
      <class name="com.demo.p5l2asst1.Assertion">
        <test-method is-config="true" signature="beforeMethod()[pri:0, instance:com.demo.p5l2asst1.Assertion@42039326]" started-at="2022-10-02T20:10:38Z" name="beforeMethod" finished-at="2022-10-02T20:10:42Z" duration-ms="4119" status="PASS">
          <reporter-output>
          </reporter-output>
        </test-method> <!-- beforeMethod -->
        <test-method signature="TitleTest()[pri:0, instance:com.demo.p5l2asst1.Assertion@42039326]" started-at="2022-10-02T20:10:42Z" name="TitleTest" finished-at="2022-10-02T20:10:51Z" duration-ms="8435" status="PASS">
          <reporter-output>
          </reporter-output>
        </test-method> <!-- TitleTest -->
        <test-method is-config="true" signature="afterMethod()[pri:0, instance:com.demo.p5l2asst1.Assertion@42039326]" started-at="2022-10-02T20:10:51Z" name="afterMethod" finished-at="2022-10-02T20:10:51Z" duration-ms="2" status="PASS">
          <reporter-output>
          </reporter-output>
        </test-method> <!-- afterMethod -->
      </class> <!-- com.demo.p5l2asst1.Assertion -->
    </test> <!-- Default test -->
  </suite> <!-- Default suite -->
</testng-results>
